# JRE version: Java(TM) SE Runtime Environment (17.0.5+9) (build 17.0.5+9-LTS-191)
# Java VM: Java HotSpot(TM) 64-Bit Server VM (17.0.5+9-LTS-191, mixed mode, sharing, tiered, compressed oops, compressed class ptrs, g1 gc, windows-amd64)
GC Precious Log:
 CPUs: 6 total, 6 available
 Memory: 16320M
 Large Page Support: Disabled
 NUMA Support: Disabled
 Compressed Oops: Enabled (32-bit)
 Heap Region Size: 1M
 Heap Min Capacity: 256M
 Heap Initial Capacity: 256M
 Heap Max Capacity: 512M
 Pre-touch: Disabled
 Parallel Workers: 6
 Concurrent Workers: 2
 Concurrent Refinement Workers: 6
 Periodic GC: Disabled
Heap:
 garbage-first heap   total 262144K, used 135812K [0x00000000e0000000, 0x0000000100000000)
  region size 1024K, 36 young (36864K), 17 survivors (17408K)
 Metaspace       used 69332K, committed 70144K, reserved 278528K
  class space    used 9518K, committed 9920K, reserved 212992K
GC Heap History (20 events):
Event: 1.079 GC heap before
{Heap before GC invocations=0 (full 0):
 garbage-first heap   total 262144K, used 24576K [0x00000000e0000000, 0x0000000100000000)
  region size 1024K, 21 young (21504K), 0 survivors (0K)
 Metaspace       used 2874K, committed 3072K, reserved 221184K
  class space    used 366K, committed 448K, reserved 212992K
}
Event: 1.102 GC heap after
{Heap after GC invocations=1 (full 0):
 garbage-first heap   total 262144K, used 10706K [0x00000000e0000000, 0x0000000100000000)
  region size 1024K, 3 young (3072K), 3 survivors (3072K)
 Metaspace       used 2874K, committed 3072K, reserved 221184K
  class space    used 366K, committed 448K, reserved 212992K
}
Event: 1.822 GC heap before
{Heap before GC invocations=1 (full 0):
 garbage-first heap   total 262144K, used 34258K [0x00000000e0000000, 0x0000000100000000)
  region size 1024K, 26 young (26624K), 3 survivors (3072K)
 Metaspace       used 3912K, committed 4096K, reserved 221184K
  class space    used 480K, committed 576K, reserved 212992K
}
Event: 1.823 GC heap after
{Heap after GC invocations=2 (full 0):
 garbage-first heap   total 262144K, used 11335K [0x00000000e0000000, 0x0000000100000000)
  region size 1024K, 1 young (1024K), 1 survivors (1024K)
 Metaspace       used 3912K, committed 4096K, reserved 221184K
  class space    used 480K, committed 576K, reserved 212992K
}
Event: 5.747 GC heap before
{Heap before GC invocations=2 (full 0):
 garbage-first heap   total 262144K, used 109639K [0x00000000e0000000, 0x0000000100000000)
  region size 1024K, 96 young (98304K), 1 survivors (1024K)
 Metaspace       used 19620K, committed 19968K, reserved 237568K
  class space    used 2924K, committed 3072K, reserved 212992K
}
Event: 5.753 GC heap after
{Heap after GC invocations=3 (full 0):
 garbage-first heap   total 262144K, used 22124K [0x00000000e0000000, 0x0000000100000000)
  region size 1024K, 12 young (12288K), 12 survivors (12288K)
 Metaspace       used 19620K, committed 19968K, reserved 237568K
  class space    used 2924K, committed 3072K, reserved 212992K
}
Event: 6.369 GC heap before
{Heap before GC invocations=3 (full 0):
 garbage-first heap   total 262144K, used 48748K [0x00000000e0000000, 0x0000000100000000)
  region size 1024K, 29 young (29696K), 12 survivors (12288K)
 Metaspace       used 21174K, committed 21504K, reserved 237568K
  class space    used 3157K, committed 3328K, reserved 212992K
}
Event: 6.374 GC heap after
{Heap after GC invocations=4 (full 0):
 garbage-first heap   total 262144K, used 34997K [0x00000000e0000000, 0x0000000100000000)
  region size 1024K, 3 young (3072K), 3 survivors (3072K)
 Metaspace       used 21174K, committed 21504K, reserved 237568K
  class space    used 3157K, committed 3328K, reserved 212992K
}
Event: 10.460 GC heap before
{Heap before GC invocations=5 (full 0):
 garbage-first heap   total 262144K, used 140469K [0x00000000e0000000, 0x0000000100000000)
  region size 1024K, 105 young (107520K), 3 survivors (3072K)
 Metaspace       used 35613K, committed 35968K, reserved 245760K
  class space    used 4958K, committed 5120K, reserved 212992K
}
Event: 10.465 GC heap after
{Heap after GC invocations=6 (full 0):
 garbage-first heap   total 262144K, used 42823K [0x00000000e0000000, 0x0000000100000000)
  region size 1024K, 11 young (11264K), 11 survivors (11264K)
 Metaspace       used 35613K, committed 35968K, reserved 245760K
  class space    used 4958K, committed 5120K, reserved 212992K
}
Event: 10.478 GC heap before
{Heap before GC invocations=6 (full 0):
 garbage-first heap   total 262144K, used 42823K [0x00000000e0000000, 0x0000000100000000)
  region size 1024K, 12 young (12288K), 11 survivors (11264K)
 Metaspace       used 35736K, committed 36160K, reserved 245760K
  class space    used 4979K, committed 5184K, reserved 212992K
}
Event: 10.483 GC heap after
{Heap after GC invocations=7 (full 0):
 garbage-first heap   total 262144K, used 42651K [0x00000000e0000000, 0x0000000100000000)
  region size 1024K, 1 young (1024K), 1 survivors (1024K)
 Metaspace       used 35736K, committed 36160K, reserved 245760K
  class space    used 4979K, committed 5184K, reserved 212992K
}
Event: 12.639 GC heap before
{Heap before GC invocations=7 (full 0):
 garbage-first heap   total 262144K, used 45723K [0x00000000e0000000, 0x0000000100000000)
  region size 1024K, 5 young (5120K), 1 survivors (1024K)
 Metaspace       used 35888K, committed 36288K, reserved 245760K
  class space    used 5001K, committed 5184K, reserved 212992K
}
Event: 12.641 GC heap after
{Heap after GC invocations=8 (full 0):
 garbage-first heap   total 262144K, used 42081K [0x00000000e0000000, 0x0000000100000000)
  region size 1024K, 1 young (1024K), 1 survivors (1024K)
 Metaspace       used 35888K, committed 36288K, reserved 245760K
  class space    used 5001K, committed 5184K, reserved 212992K
}
Event: 22.619 GC heap before
{Heap before GC invocations=9 (full 0):
 garbage-first heap   total 262144K, used 218209K [0x00000000e0000000, 0x0000000100000000)
  region size 1024K, 153 young (156672K), 1 survivors (1024K)
 Metaspace       used 50020K, committed 50752K, reserved 262144K
  class space    used 6992K, committed 7360K, reserved 212992K
}
Event: 22.626 GC heap after
{Heap after GC invocations=10 (full 0):
 garbage-first heap   total 262144K, used 74303K [0x00000000e0000000, 0x0000000100000000)
  region size 1024K, 12 young (12288K), 12 survivors (12288K)
 Metaspace       used 50020K, committed 50752K, reserved 262144K
  class space    used 6992K, committed 7360K, reserved 212992K
}
Event: 38.560 GC heap before
{Heap before GC invocations=10 (full 0):
 garbage-first heap   total 262144K, used 203327K [0x00000000e0000000, 0x0000000100000000)
  region size 1024K, 139 young (142336K), 12 survivors (12288K)
 Metaspace       used 59791K, committed 60608K, reserved 270336K
  class space    used 8286K, committed 8704K, reserved 212992K
}
Event: 38.568 GC heap after
{Heap after GC invocations=11 (full 0):
 garbage-first heap   total 262144K, used 81457K [0x00000000e0000000, 0x0000000100000000)
  region size 1024K, 8 young (8192K), 8 survivors (8192K)
 Metaspace       used 59791K, committed 60608K, reserved 270336K
  class space    used 8286K, committed 8704K, reserved 212992K
}
Event: 40.028 GC heap before
{Heap before GC invocations=12 (full 0):
 garbage-first heap   total 262144K, used 226865K [0x00000000e0000000, 0x0000000100000000)
  region size 1024K, 131 young (134144K), 8 survivors (8192K)
 Metaspace       used 67954K, committed 68800K, reserved 278528K
  class space    used 9325K, committed 9728K, reserved 212992K
}
Event: 40.038 GC heap after
{Heap after GC invocations=13 (full 0):
 garbage-first heap   total 262144K, used 117380K [0x00000000e0000000, 0x0000000100000000)
  region size 1024K, 17 young (17408K), 17 survivors (17408K)
 Metaspace       used 67954K, committed 68800K, reserved 278528K
  class space    used 9325K, committed 9728K, reserved 212992K
}

