# JRE version: Java(TM) SE Runtime Environment (17.0.5+9) (build 17.0.5+9-LTS-191)
# Java VM: Java HotSpot(TM) 64-Bit Server VM (17.0.5+9-LTS-191, mixed mode, sharing, tiered, compressed oops, compressed class ptrs, g1 gc, windows-amd64)
GC Precious Log:
 CPUs: 6 total, 6 available
 Memory: 16320M
 Large Page Support: Disabled
 NUMA Support: Disabled
 Compressed Oops: Enabled (32-bit)
 Heap Region Size: 1M
 Heap Min Capacity: 256M
 Heap Initial Capacity: 256M
 Heap Max Capacity: 512M
 Pre-touch: Disabled
 Parallel Workers: 6
 Concurrent Workers: 2
 Concurrent Refinement Workers: 6
 Periodic GC: Disabled
Heap:
 garbage-first heap   total 262144K, used 168504K [0x00000000e0000000, 0x0000000100000000)
  region size 1024K, 4 young (4096K), 2 survivors (2048K)
 Metaspace       used 122540K, committed 123392K, reserved 327680K
  class space    used 15890K, committed 16320K, reserved 212992K
GC Heap History (20 events):
Event: 25.109 GC heap before
{Heap before GC invocations=11 (full 0):
 garbage-first heap   total 262144K, used 204043K [0x00000000e0000000, 0x0000000100000000)
  region size 1024K, 96 young (98304K), 14 survivors (14336K)
 Metaspace       used 87116K, committed 87872K, reserved 294912K
  class space    used 11860K, committed 12224K, reserved 212992K
}
Event: 25.116 GC heap after
{Heap after GC invocations=12 (full 0):
 garbage-first heap   total 262144K, used 127829K [0x00000000e0000000, 0x0000000100000000)
  region size 1024K, 7 young (7168K), 7 survivors (7168K)
 Metaspace       used 87116K, committed 87872K, reserved 294912K
  class space    used 11860K, committed 12224K, reserved 212992K
}
Event: 25.265 GC heap before
{Heap before GC invocations=12 (full 0):
 garbage-first heap   total 262144K, used 142165K [0x00000000e0000000, 0x0000000100000000)
  region size 1024K, 22 young (22528K), 7 survivors (7168K)
 Metaspace       used 89146K, committed 89920K, reserved 294912K
  class space    used 12127K, committed 12544K, reserved 212992K
}
Event: 25.269 GC heap after
{Heap after GC invocations=13 (full 0):
 garbage-first heap   total 262144K, used 128120K [0x00000000e0000000, 0x0000000100000000)
  region size 1024K, 7 young (7168K), 7 survivors (7168K)
 Metaspace       used 89146K, committed 89920K, reserved 294912K
  class space    used 12127K, committed 12544K, reserved 212992K
}
Event: 25.773 GC heap before
{Heap before GC invocations=14 (full 0):
 garbage-first heap   total 262144K, used 213112K [0x00000000e0000000, 0x0000000100000000)
  region size 1024K, 89 young (91136K), 7 survivors (7168K)
 Metaspace       used 92224K, committed 93056K, reserved 294912K
  class space    used 12479K, committed 12864K, reserved 212992K
}
Event: 25.779 GC heap after
{Heap after GC invocations=15 (full 0):
 garbage-first heap   total 262144K, used 133942K [0x00000000e0000000, 0x0000000100000000)
  region size 1024K, 7 young (7168K), 7 survivors (7168K)
 Metaspace       used 92224K, committed 93056K, reserved 294912K
  class space    used 12479K, committed 12864K, reserved 212992K
}
Event: 25.837 GC heap before
{Heap before GC invocations=15 (full 0):
 garbage-first heap   total 262144K, used 139062K [0x00000000e0000000, 0x0000000100000000)
  region size 1024K, 12 young (12288K), 7 survivors (7168K)
 Metaspace       used 92779K, committed 93568K, reserved 294912K
  class space    used 12542K, committed 12928K, reserved 212992K
}
Event: 25.841 GC heap after
{Heap after GC invocations=16 (full 0):
 garbage-first heap   total 262144K, used 134514K [0x00000000e0000000, 0x0000000100000000)
  region size 1024K, 2 young (2048K), 2 survivors (2048K)
 Metaspace       used 92779K, committed 93568K, reserved 294912K
  class space    used 12542K, committed 12928K, reserved 212992K
}
Event: 26.726 GC heap before
{Heap before GC invocations=16 (full 0):
 garbage-first heap   total 262144K, used 214386K [0x00000000e0000000, 0x0000000100000000)
  region size 1024K, 80 young (81920K), 2 survivors (2048K)
 Metaspace       used 98615K, committed 99392K, reserved 303104K
  class space    used 13108K, committed 13504K, reserved 212992K
}
Event: 26.731 GC heap after
{Heap after GC invocations=17 (full 0):
 garbage-first heap   total 262144K, used 141898K [0x00000000e0000000, 0x0000000100000000)
  region size 1024K, 9 young (9216K), 9 survivors (9216K)
 Metaspace       used 98615K, committed 99392K, reserved 303104K
  class space    used 13108K, committed 13504K, reserved 212992K
}
Event: 27.489 GC heap before
{Heap before GC invocations=18 (full 0):
 garbage-first heap   total 262144K, used 213578K [0x00000000e0000000, 0x0000000100000000)
  region size 1024K, 79 young (80896K), 9 survivors (9216K)
 Metaspace       used 109647K, committed 110464K, reserved 311296K
  class space    used 14365K, committed 14784K, reserved 212992K
}
Event: 27.494 GC heap after
{Heap after GC invocations=19 (full 0):
 garbage-first heap   total 262144K, used 144624K [0x00000000e0000000, 0x0000000100000000)
  region size 1024K, 3 young (3072K), 3 survivors (3072K)
 Metaspace       used 109647K, committed 110464K, reserved 311296K
  class space    used 14365K, committed 14784K, reserved 212992K
}
Event: 27.627 GC heap before
{Heap before GC invocations=19 (full 0):
 garbage-first heap   total 262144K, used 152816K [0x00000000e0000000, 0x0000000100000000)
  region size 1024K, 12 young (12288K), 3 survivors (3072K)
 Metaspace       used 111190K, committed 112000K, reserved 311296K
  class space    used 14501K, committed 14912K, reserved 212992K
}
Event: 27.629 GC heap after
{Heap after GC invocations=20 (full 0):
 garbage-first heap   total 262144K, used 145261K [0x00000000e0000000, 0x0000000100000000)
  region size 1024K, 1 young (1024K), 1 survivors (1024K)
 Metaspace       used 111190K, committed 112000K, reserved 311296K
  class space    used 14501K, committed 14912K, reserved 212992K
}
Event: 37.329 GC heap before
{Heap before GC invocations=20 (full 0):
 garbage-first heap   total 262144K, used 216941K [0x00000000e0000000, 0x0000000100000000)
  region size 1024K, 72 young (73728K), 1 survivors (1024K)
 Metaspace       used 116366K, committed 117184K, reserved 319488K
  class space    used 15030K, committed 15424K, reserved 212992K
}
Event: 37.332 GC heap after
{Heap after GC invocations=21 (full 0):
 garbage-first heap   total 262144K, used 148317K [0x00000000e0000000, 0x0000000100000000)
  region size 1024K, 4 young (4096K), 4 survivors (4096K)
 Metaspace       used 116366K, committed 117184K, reserved 319488K
  class space    used 15030K, committed 15424K, reserved 212992K
}
Event: 40.280 GC heap before
{Heap before GC invocations=22 (full 0):
 garbage-first heap   total 262144K, used 234333K [0x00000000e0000000, 0x0000000100000000)
  region size 1024K, 74 young (75776K), 4 survivors (4096K)
 Metaspace       used 122428K, committed 123328K, reserved 327680K
  class space    used 15887K, committed 16320K, reserved 212992K
}
Event: 40.290 GC heap after
{Heap after GC invocations=23 (full 0):
 garbage-first heap   total 262144K, used 166701K [0x00000000e0000000, 0x0000000100000000)
  region size 1024K, 10 young (10240K), 10 survivors (10240K)
 Metaspace       used 122428K, committed 123328K, reserved 327680K
  class space    used 15887K, committed 16320K, reserved 212992K
}
Event: 40.330 GC heap before
{Heap before GC invocations=23 (full 0):
 garbage-first heap   total 262144K, used 168749K [0x00000000e0000000, 0x0000000100000000)
  region size 1024K, 12 young (12288K), 10 survivors (10240K)
 Metaspace       used 122479K, committed 123328K, reserved 327680K
  class space    used 15890K, committed 16320K, reserved 212992K
}
Event: 40.334 GC heap after
{Heap after GC invocations=24 (full 0):
 garbage-first heap   total 262144K, used 167480K [0x00000000e0000000, 0x0000000100000000)
  region size 1024K, 2 young (2048K), 2 survivors (2048K)
 Metaspace       used 122479K, committed 123328K, reserved 327680K
  class space    used 15890K, committed 16320K, reserved 212992K
}

